-------------------------------------------------------------------------------
Test set: soloworld.scalar.arrays.ReverseArrayTest
-------------------------------------------------------------------------------
Tests run: 1, Failures: 1, Errors: 0, Skipped: 0, Time elapsed: 0 sec <<< FAILURE!
soloworld.scalar.arrays.ReverseArrayTest.test1()  Time elapsed: 0 sec  <<< FAILURE!
java.lang.NullPointerException: Cannot invoke "soloworld.scalar.arrays.ReverseArray.solve(int[])" because "this.reverseArray" is null
	at soloworld.scalar.arrays.ReverseArrayTest.test1(ReverseArrayTest.java:18)

